<?xml version="1.0" encoding="UTF-8"?>
<testsuite name="Tests on Firefox 66"
           tests="2"
           failures="1"
           errors="0"
           skipped="0"
           time="74.781">
  <properties />
            <testcase name="invoiceIssuance" time="74.781" classname="com.behsazan.test.invoice.TestRevokeInvoiceIssuance">
                <failure type="java.lang.AssertionError"
                  message="expected object to not be null"
              >
<![CDATA[java.lang.AssertionError: expected object to not be null
  org.testng.Assert.fail(Assert.java:96)
  org.testng.Assert.assertNotNull(Assert.java:686)
  org.testng.Assert.assertNotNull(Assert.java:671)
  com.behsazan.test.invoice.TestRevokeInvoiceIssuance.invoiceIssuance(TestRevokeInvoiceIssuance.java:83)
  sun.reflect.NativeMethodAccessorImpl.invoke0(Native Method)
  sun.reflect.NativeMethodAccessorImpl.invoke(NativeMethodAccessorImpl.java:62)
  sun.reflect.DelegatingMethodAccessorImpl.invoke(DelegatingMethodAccessorImpl.java:43)
  java.lang.reflect.Method.invoke(Method.java:498)
  org.testng.internal.MethodInvocationHelper.invokeMethod(MethodInvocationHelper.java:124)
  org.testng.internal.Invoker.invokeMethod(Invoker.java:583)
  org.testng.internal.Invoker.invokeTestMethod(Invoker.java:719)
  org.testng.internal.Invoker.invokeTestMethods(Invoker.java:989)
  org.testng.internal.TestMethodWorker.invokeTestMethods(TestMethodWorker.java:125)
  org.testng.internal.TestMethodWorker.run(TestMethodWorker.java:109)
  org.testng.TestRunner.privateRun(TestRunner.java:648)
  org.testng.TestRunner.run(TestRunner.java:505)
  org.testng.SuiteRunner.runTest(SuiteRunner.java:455)
  org.testng.SuiteRunner.access$000(SuiteRunner.java:40)
  org.testng.SuiteRunner$SuiteWorker.run(SuiteRunner.java:489)
  org.testng.internal.thread.ThreadUtil$1.call(ThreadUtil.java:52)
  java.util.concurrent.FutureTask.run$$$capture(FutureTask.java:266)
  java.util.concurrent.FutureTask.run(FutureTask.java)
  java.util.concurrent.ThreadPoolExecutor.runWorker(ThreadPoolExecutor.java:1149)
  java.util.concurrent.ThreadPoolExecutor$Worker.run(ThreadPoolExecutor.java:624)
  java.lang.Thread.run(Thread.java:748)
]]>
      </failure>

          </testcase>
  
  
            <testcase name="initSignDDL" time="0.000" classname="com.behsazan.test.invoice.TestRevokeInvoiceIssuance" />
      
</testsuite>
